<?xml version="1.0" encoding="UTF-8"?>
<Site BuildName="(empty)"
	BuildStamp="20250327-0400-Experimental"
	Name="(empty)"
	Generator="ctest-3.28.3"
	CompilerName=""
	CompilerVersion=""
	OSName="Linux"
	Hostname="zzy-VMware-Virtual-Platform"
	OSRelease="6.11.0-19-generic"
	OSVersion="#19~24.04.1-Ubuntu SMP PREEMPT_DYNAMIC Mon Feb 17 11:51:52 UTC 2"
	OSPlatform="x86_64"
	Is64Bits="1"
	VendorString="GenuineIntel"
	VendorID="Intel Corporation"
	FamilyID="6"
	ModelID="186"
	ProcessorCacheSize="12288"
	NumberOfLogicalCPU="2"
	NumberOfPhysicalCPU="2"
	TotalVirtualMemory="3748"
	TotalPhysicalMemory="12038"
	LogicalProcessorsPerPhysical="1"
	ProcessorClockFrequency="2188.8"
	>
	<Testing>
		<StartDateTime>Mar 27 14:51 CST</StartDateTime>
		<StartTestTime>1743058278</StartTestTime>
		<TestList/>
		<EndDateTime>Mar 27 14:51 CST</EndDateTime>
		<EndTestTime>1743058278</EndTestTime>
		<ElapsedMinutes>0</ElapsedMinutes>
	</Testing>
</Site>
